Determining if the pthread_create exist failed with the following output:
Change Dir: /home/biennguyen/catkin_ws/build/CMakeFiles/CMakeTmp

Run Build Command:/usr/bin/make "cmTryCompileExec847175897/fast"
/usr/bin/make -f CMakeFiles/cmTryCompileExec847175897.dir/build.make CMakeFiles/cmTryCompileExec847175897.dir/build
make[1]: Entering directory `/home/biennguyen/catkin_ws/build/CMakeFiles/CMakeTmp'
/usr/bin/cmake -E cmake_progress_report /home/biennguyen/catkin_ws/build/CMakeFiles/CMakeTmp/CMakeFiles 1
Building C object CMakeFiles/cmTryCompileExec847175897.dir/CheckSymbolExists.c.o
/usr/bin/cc    -o CMakeFiles/cmTryCompileExec847175897.dir/CheckSymbolExists.c.o   -c /home/biennguyen/catkin_ws/build/CMakeFiles/CMakeTmp/CheckSymbolExists.c
Linking C executable cmTryCompileExec847175897
/usr/bin/cmake -E cmake_link_script CMakeFiles/cmTryCompileExec847175897.dir/link.txt --verbose=1
/usr/bin/cc       CMakeFiles/cmTryCompileExec847175897.dir/CheckSymbolExists.c.o  -o cmTryCompileExec847175897 -rdynamic 
CMakeFiles/cmTryCompileExec847175897.dir/CheckSymbolExists.c.o: In function `main':
CheckSymbolExists.c:(.text+0x16): undefined reference to `pthread_create'
collect2: error: ld returned 1 exit status
make[1]: Leaving directory `/home/biennguyen/catkin_ws/build/CMakeFiles/CMakeTmp'
make[1]: *** [cmTryCompileExec847175897] Error 1
make: *** [cmTryCompileExec847175897/fast] Error 2

File /home/biennguyen/catkin_ws/build/CMakeFiles/CMakeTmp/CheckSymbolExists.c:
/* */
#include <pthread.h>

int main(int argc, char** argv)
{
  (void)argv;
#ifndef pthread_create
  return ((int*)(&pthread_create))[argc];
#else
  (void)argc;
  return 0;
#endif
}

Determining if the function pthread_create exists in the pthreads failed with the following output:
Change Dir: /home/biennguyen/catkin_ws/build/CMakeFiles/CMakeTmp

Run Build Command:/usr/bin/make "cmTryCompileExec3768793617/fast"
/usr/bin/make -f CMakeFiles/cmTryCompileExec3768793617.dir/build.make CMakeFiles/cmTryCompileExec3768793617.dir/build
make[1]: Entering directory `/home/biennguyen/catkin_ws/build/CMakeFiles/CMakeTmp'
/usr/bin/cmake -E cmake_progress_report /home/biennguyen/catkin_ws/build/CMakeFiles/CMakeTmp/CMakeFiles 1
Building C object CMakeFiles/cmTryCompileExec3768793617.dir/CheckFunctionExists.c.o
/usr/bin/cc   -DCHECK_FUNCTION_EXISTS=pthread_create   -o CMakeFiles/cmTryCompileExec3768793617.dir/CheckFunctionExists.c.o   -c /usr/share/cmake-2.8/Modules/CheckFunctionExists.c
Linking C executable cmTryCompileExec3768793617
/usr/bin/cmake -E cmake_link_script CMakeFiles/cmTryCompileExec3768793617.dir/link.txt --verbose=1
/usr/bin/cc   -DCHECK_FUNCTION_EXISTS=pthread_create    CMakeFiles/cmTryCompileExec3768793617.dir/CheckFunctionExists.c.o  -o cmTryCompileExec3768793617 -rdynamic -lpthreads 
/usr/bin/ld: cannot find -lpthreads
collect2: error: ld returned 1 exit status
make[1]: *** [cmTryCompileExec3768793617] Error 1
make[1]: Leaving directory `/home/biennguyen/catkin_ws/build/CMakeFiles/CMakeTmp'
make: *** [cmTryCompileExec3768793617/fast] Error 2


